2020-02-28 09:39:37 INFO     
2020-02-28 09:39:37 INFO     #################################### New Start #####################################
2020-02-28 09:39:37 INFO     mode: BILSTM | nb_epoch: 25 | batch: 64 | opt: RMSprop | lr: 0.0003 | pretrain: True
2020-02-28 09:39:37 INFO     rnn_dim: 200 | emb_dim: 200 | pos_dim: 10 | sent_len: 150 | dropout: 0.3
2020-02-28 09:39:37 INFO     
2020-02-28 09:39:37 WARNING  From /home/mjimenez/.conda/envs/nclpnl/lib/python3.7/site-packages/tensorflow_core/python/ops/math_grad.py:1424: where (from tensorflow.python.ops.array_ops) is deprecated and will be removed in a future version.
Instructions for updating:
Use tf.where in 2.0, which has the same broadcast rule as np.where
2020-02-28 09:39:39 WARNING  From /home/mjimenez/.conda/envs/nclpnl/lib/python3.7/site-packages/keras/backend/tensorflow_backend.py:986: The name tf.assign_add is deprecated. Please use tf.compat.v1.assign_add instead.

2020-02-28 09:39:39 WARNING  From /home/mjimenez/.conda/envs/nclpnl/lib/python3.7/site-packages/keras/backend/tensorflow_backend.py:973: The name tf.assign is deprecated. Please use tf.compat.v1.assign instead.

2020-02-28 10:54:14 INFO     ##train##, prec: 0.8368, recall: 0.6397, F1: 0.7251
2020-02-28 10:54:14 INFO     ##dev##,   prec: 0.7217, recall: 0.6241, F1: 0.6694
2020-02-28 10:54:35 INFO     ##test##, prec: 0.6378, recall: 0.4552, F1: 0.5312
2020-02-28 10:59:23 INFO     
2020-02-28 10:59:23 INFO     #################################### New Start #####################################
2020-02-28 10:59:23 INFO     mode: BILSTM | nb_epoch: 25 | batch: 64 | opt: RMSprop | lr: 0.0003 | pretrain: True
2020-02-28 10:59:23 INFO     rnn_dim: 200 | emb_dim: 200 | pos_dim: 10 | sent_len: 150 | dropout: 0.3
2020-02-28 10:59:23 INFO     
2020-02-28 10:59:23 WARNING  From /home/mjimenez/.conda/envs/nclpnl/lib/python3.7/site-packages/tensorflow_core/python/ops/math_grad.py:1424: where (from tensorflow.python.ops.array_ops) is deprecated and will be removed in a future version.
Instructions for updating:
Use tf.where in 2.0, which has the same broadcast rule as np.where
2020-02-28 10:59:25 WARNING  From /home/mjimenez/.conda/envs/nclpnl/lib/python3.7/site-packages/keras/backend/tensorflow_backend.py:986: The name tf.assign_add is deprecated. Please use tf.compat.v1.assign_add instead.

2020-02-28 10:59:25 WARNING  From /home/mjimenez/.conda/envs/nclpnl/lib/python3.7/site-packages/keras/backend/tensorflow_backend.py:973: The name tf.assign is deprecated. Please use tf.compat.v1.assign instead.

2020-02-28 13:10:11 INFO     ##train##, prec: 0.7655, recall: 0.6093, F1: 0.6786
2020-02-28 13:10:11 INFO     ##dev##,   prec: 0.7100, recall: 0.5609, F1: 0.6267
2020-02-28 13:10:32 INFO     ##test##, prec: 0.5824, recall: 0.4078, F1: 0.4797
2020-02-28 15:52:53 INFO     
2020-02-28 15:52:53 INFO     #################################### New Start #####################################
2020-02-28 15:52:53 INFO     mode: BILSTM | nb_epoch: 25 | batch: 64 | opt: Adadelta | lr: 0.0003 | pretrain: True
2020-02-28 15:52:53 INFO     rnn_dim: 200 | emb_dim: 200 | pos_dim: 10 | sent_len: 150 | dropout: 0.3
2020-02-28 15:52:53 INFO     
2020-02-28 15:52:53 WARNING  From /home/mjimenez/.conda/envs/nclpnl/lib/python3.7/site-packages/tensorflow_core/python/ops/math_grad.py:1424: where (from tensorflow.python.ops.array_ops) is deprecated and will be removed in a future version.
Instructions for updating:
Use tf.where in 2.0, which has the same broadcast rule as np.where
2020-02-28 15:52:55 WARNING  From /home/mjimenez/.conda/envs/nclpnl/lib/python3.7/site-packages/keras/backend/tensorflow_backend.py:986: The name tf.assign_add is deprecated. Please use tf.compat.v1.assign_add instead.

2020-02-28 15:52:55 WARNING  From /home/mjimenez/.conda/envs/nclpnl/lib/python3.7/site-packages/keras/backend/tensorflow_backend.py:973: The name tf.assign is deprecated. Please use tf.compat.v1.assign instead.

2020-02-28 18:27:21 INFO     ##train##, prec: 0.2917, recall: 0.0081, F1: 0.0157
2020-02-28 18:27:21 INFO     ##dev##,   prec: 0.5000, recall: 0.0103, F1: 0.0202
2020-02-28 18:27:43 INFO     ##test##, prec: 0.2248, recall: 0.0299, F1: 0.0527
2020-02-28 20:41:15 INFO     
2020-02-28 20:41:15 INFO     #################################### New Start #####################################
2020-02-28 20:41:15 INFO     mode: BILSTM | nb_epoch: 25 | batch: 64 | opt: Adadelta | lr: 0.0003 | pretrain: True
2020-02-28 20:41:15 INFO     rnn_dim: 200 | emb_dim: 200 | pos_dim: 10 | sent_len: 150 | dropout: 0.3
2020-02-28 20:41:15 INFO     
2020-02-28 20:41:15 WARNING  From /home/mjimenez/.conda/envs/nclpnl/lib/python3.7/site-packages/tensorflow_core/python/ops/math_grad.py:1424: where (from tensorflow.python.ops.array_ops) is deprecated and will be removed in a future version.
Instructions for updating:
Use tf.where in 2.0, which has the same broadcast rule as np.where
2020-02-28 20:41:18 WARNING  From /home/mjimenez/.conda/envs/nclpnl/lib/python3.7/site-packages/keras/backend/tensorflow_backend.py:986: The name tf.assign_add is deprecated. Please use tf.compat.v1.assign_add instead.

2020-02-28 20:41:18 WARNING  From /home/mjimenez/.conda/envs/nclpnl/lib/python3.7/site-packages/keras/backend/tensorflow_backend.py:973: The name tf.assign is deprecated. Please use tf.compat.v1.assign instead.

2020-02-28 23:17:07 INFO     ##train##, prec: 0.2574, recall: 0.0075, F1: 0.0147
2020-02-28 23:17:07 INFO     ##dev##,   prec: 0.2500, recall: 0.0073, F1: 0.0143
2020-02-28 23:17:28 INFO     ##test##, prec: 0.4091, recall: 0.0093, F1: 0.0181
2020-03-05 09:31:25 INFO     
2020-03-05 09:31:25 INFO     #################################### New Start #####################################
2020-03-05 09:31:25 INFO     mode: BILSTM | nb_epoch: 25 | batch: 64 | opt: Adagrad | lr: 0.0003 | pretrain: True
2020-03-05 09:31:25 INFO     rnn_dim: 200 | emb_dim: 200 | pos_dim: 10 | sent_len: 150 | dropout: 0.3
2020-03-05 09:31:25 INFO     
2020-03-05 09:31:25 WARNING  From /home/mjimenez/.conda/envs/nclpnl/lib/python3.7/site-packages/tensorflow_core/python/ops/math_grad.py:1424: where (from tensorflow.python.ops.array_ops) is deprecated and will be removed in a future version.
Instructions for updating:
Use tf.where in 2.0, which has the same broadcast rule as np.where
2020-03-05 09:31:27 WARNING  From /home/mjimenez/.conda/envs/nclpnl/lib/python3.7/site-packages/keras/backend/tensorflow_backend.py:986: The name tf.assign_add is deprecated. Please use tf.compat.v1.assign_add instead.

2020-03-05 09:31:27 WARNING  From /home/mjimenez/.conda/envs/nclpnl/lib/python3.7/site-packages/keras/backend/tensorflow_backend.py:973: The name tf.assign is deprecated. Please use tf.compat.v1.assign instead.

2020-03-05 11:30:00 INFO     ##train##, prec: 0.5138, recall: 0.0324, F1: 0.0609
2020-03-05 11:30:00 INFO     ##dev##,   prec: 0.4118, recall: 0.0177, F1: 0.0339
2020-03-05 11:30:22 INFO     ##test##, prec: 0.4167, recall: 0.0206, F1: 0.0393
2020-03-05 12:09:40 INFO     
2020-03-05 12:09:40 INFO     #################################### New Start #####################################
2020-03-05 12:09:40 INFO     mode: BILSTM | nb_epoch: 25 | batch: 64 | opt: adam | lr: 3e-05 | pretrain: True
2020-03-05 12:09:40 INFO     rnn_dim: 200 | emb_dim: 200 | pos_dim: 10 | sent_len: 150 | dropout: 0.3
2020-03-05 12:09:40 INFO     
2020-03-05 12:09:40 WARNING  From /home/mjimenez/.conda/envs/nclpnl/lib/python3.7/site-packages/tensorflow_core/python/ops/math_grad.py:1424: where (from tensorflow.python.ops.array_ops) is deprecated and will be removed in a future version.
Instructions for updating:
Use tf.where in 2.0, which has the same broadcast rule as np.where
2020-03-05 12:09:42 WARNING  From /home/mjimenez/.conda/envs/nclpnl/lib/python3.7/site-packages/keras/backend/tensorflow_backend.py:986: The name tf.assign_add is deprecated. Please use tf.compat.v1.assign_add instead.

2020-03-05 12:09:42 WARNING  From /home/mjimenez/.conda/envs/nclpnl/lib/python3.7/site-packages/keras/backend/tensorflow_backend.py:973: The name tf.assign is deprecated. Please use tf.compat.v1.assign instead.

2020-03-05 13:31:51 INFO     ##train##, prec: 0.5735, recall: 0.0576, F1: 0.1047
2020-03-05 13:31:51 INFO     ##dev##,   prec: 0.5000, recall: 0.0501, F1: 0.0911
2020-03-05 13:32:12 INFO     ##test##, prec: 0.3229, recall: 0.0319, F1: 0.0581
2020-03-05 17:42:02 INFO     
2020-03-05 17:42:02 INFO     #################################### New Start #####################################
2020-03-05 17:42:02 INFO     mode: BILSTM | nb_epoch: 25 | batch: 64 | opt: adam | lr: 0.003 | pretrain: True
2020-03-05 17:42:02 INFO     rnn_dim: 200 | emb_dim: 200 | pos_dim: 10 | sent_len: 150 | dropout: 0.3
2020-03-05 17:42:02 INFO     
2020-03-05 17:42:02 WARNING  From /home/mjimenez/.conda/envs/nclpnl/lib/python3.7/site-packages/tensorflow_core/python/ops/math_grad.py:1424: where (from tensorflow.python.ops.array_ops) is deprecated and will be removed in a future version.
Instructions for updating:
Use tf.where in 2.0, which has the same broadcast rule as np.where
2020-03-05 17:42:04 WARNING  From /home/mjimenez/.conda/envs/nclpnl/lib/python3.7/site-packages/keras/backend/tensorflow_backend.py:986: The name tf.assign_add is deprecated. Please use tf.compat.v1.assign_add instead.

2020-03-05 17:42:04 WARNING  From /home/mjimenez/.conda/envs/nclpnl/lib/python3.7/site-packages/keras/backend/tensorflow_backend.py:973: The name tf.assign is deprecated. Please use tf.compat.v1.assign instead.

2020-03-05 19:04:36 INFO     ##train##, prec: 0.9016, recall: 0.8688, F1: 0.8849
2020-03-05 19:04:36 INFO     ##dev##,   prec: 0.7167, recall: 0.6565, F1: 0.6853
2020-03-05 19:04:57 INFO     ##test##, prec: 0.6750, recall: 0.5582, F1: 0.6110
2020-03-06 00:14:24 INFO     
2020-03-06 00:14:24 INFO     #################################### New Start #####################################
2020-03-06 00:14:24 INFO     mode: BILSTM | nb_epoch: 25 | batch: 64 | opt: adam | lr: 0.0001 | pretrain: True
2020-03-06 00:14:24 INFO     rnn_dim: 200 | emb_dim: 200 | pos_dim: 10 | sent_len: 150 | dropout: 0.3
2020-03-06 00:14:24 INFO     
2020-03-06 00:14:24 WARNING  From /home/mjimenez/.conda/envs/nclpnl/lib/python3.7/site-packages/tensorflow_core/python/ops/math_grad.py:1424: where (from tensorflow.python.ops.array_ops) is deprecated and will be removed in a future version.
Instructions for updating:
Use tf.where in 2.0, which has the same broadcast rule as np.where
2020-03-06 00:14:26 WARNING  From /home/mjimenez/.conda/envs/nclpnl/lib/python3.7/site-packages/keras/backend/tensorflow_backend.py:986: The name tf.assign_add is deprecated. Please use tf.compat.v1.assign_add instead.

2020-03-06 00:14:26 WARNING  From /home/mjimenez/.conda/envs/nclpnl/lib/python3.7/site-packages/keras/backend/tensorflow_backend.py:973: The name tf.assign is deprecated. Please use tf.compat.v1.assign instead.

2020-03-06 02:30:43 INFO     ##train##, prec: 0.7926, recall: 0.6493, F1: 0.7138
2020-03-06 02:30:43 INFO     ##dev##,   prec: 0.6560, recall: 0.6089, F1: 0.6316
2020-03-06 02:31:05 INFO     ##test##, prec: 0.5958, recall: 0.4130, F1: 0.4878
2020-03-06 08:37:04 INFO     
2020-03-06 08:37:04 INFO     #################################### New Start #####################################
2020-03-06 08:37:04 INFO     mode: BILSTM | nb_epoch: 25 | batch: 64 | opt: adam | lr: 0.03 | pretrain: True
2020-03-06 08:37:04 INFO     rnn_dim: 200 | emb_dim: 200 | pos_dim: 10 | sent_len: 150 | dropout: 0.3
2020-03-06 08:37:04 INFO     
2020-03-06 08:37:05 WARNING  From /home/mjimenez/.conda/envs/nclpnl/lib/python3.7/site-packages/tensorflow_core/python/ops/math_grad.py:1424: where (from tensorflow.python.ops.array_ops) is deprecated and will be removed in a future version.
Instructions for updating:
Use tf.where in 2.0, which has the same broadcast rule as np.where
2020-03-06 08:37:07 WARNING  From /home/mjimenez/.conda/envs/nclpnl/lib/python3.7/site-packages/keras/backend/tensorflow_backend.py:986: The name tf.assign_add is deprecated. Please use tf.compat.v1.assign_add instead.

2020-03-06 08:37:07 WARNING  From /home/mjimenez/.conda/envs/nclpnl/lib/python3.7/site-packages/keras/backend/tensorflow_backend.py:973: The name tf.assign is deprecated. Please use tf.compat.v1.assign instead.

2020-03-06 09:41:32 INFO     ##train##, prec: 0.0000, recall: 0.0000, F1: 0.0000
2020-03-06 09:41:32 INFO     ##dev##,   prec: 0.0000, recall: 0.0000, F1: 0.0000
2020-03-06 09:41:54 INFO     ##test##, prec: 0.0000, recall: 0.0000, F1: 0.0000
2020-03-06 15:12:42 INFO     
2020-03-06 15:12:42 INFO     #################################### New Start #####################################
2020-03-06 15:12:42 INFO     mode: BILSTM | nb_epoch: 25 | batch: 64 | opt: adam | lr: 0.008 | pretrain: True
2020-03-06 15:12:42 INFO     rnn_dim: 200 | emb_dim: 200 | pos_dim: 10 | sent_len: 150 | dropout: 0.3
2020-03-06 15:12:42 INFO     
2020-03-06 15:12:42 WARNING  From /home/mjimenez/.conda/envs/nclpnl/lib/python3.7/site-packages/tensorflow_core/python/ops/math_grad.py:1424: where (from tensorflow.python.ops.array_ops) is deprecated and will be removed in a future version.
Instructions for updating:
Use tf.where in 2.0, which has the same broadcast rule as np.where
2020-03-06 15:12:44 WARNING  From /home/mjimenez/.conda/envs/nclpnl/lib/python3.7/site-packages/keras/backend/tensorflow_backend.py:986: The name tf.assign_add is deprecated. Please use tf.compat.v1.assign_add instead.

2020-03-06 15:12:44 WARNING  From /home/mjimenez/.conda/envs/nclpnl/lib/python3.7/site-packages/keras/backend/tensorflow_backend.py:973: The name tf.assign is deprecated. Please use tf.compat.v1.assign instead.

2020-03-06 16:10:12 INFO     ##train##, prec: 0.0000, recall: 0.0000, F1: 0.0000
2020-03-06 16:10:12 INFO     ##dev##,   prec: 0.0000, recall: 0.0000, F1: 0.0000
2020-03-06 16:10:33 INFO     ##test##, prec: 0.0000, recall: 0.0000, F1: 0.0000
2020-03-06 16:38:39 INFO     
2020-03-06 16:38:39 INFO     #################################### New Start #####################################
2020-03-06 16:38:39 INFO     mode: BILSTM | nb_epoch: 25 | batch: 64 | opt: adam | lr: 0.003 | pretrain: True
2020-03-06 16:38:39 INFO     rnn_dim: 200 | emb_dim: 200 | pos_dim: 10 | sent_len: 150 | dropout: 0.3
2020-03-06 16:38:39 INFO     
2020-03-06 16:38:40 WARNING  From /home/mjimenez/.conda/envs/nclpnl/lib/python3.7/site-packages/tensorflow_core/python/ops/math_grad.py:1424: where (from tensorflow.python.ops.array_ops) is deprecated and will be removed in a future version.
Instructions for updating:
Use tf.where in 2.0, which has the same broadcast rule as np.where
2020-03-06 16:38:42 WARNING  From /home/mjimenez/.conda/envs/nclpnl/lib/python3.7/site-packages/keras/backend/tensorflow_backend.py:986: The name tf.assign_add is deprecated. Please use tf.compat.v1.assign_add instead.

2020-03-06 16:38:42 WARNING  From /home/mjimenez/.conda/envs/nclpnl/lib/python3.7/site-packages/keras/backend/tensorflow_backend.py:973: The name tf.assign is deprecated. Please use tf.compat.v1.assign instead.

2020-03-06 17:10:41 INFO     ##train##, prec: 0.0000, recall: 0.0000, F1: 0.0000
2020-03-06 17:10:41 INFO     ##dev##,   prec: 0.0000, recall: 0.0000, F1: 0.0000
2020-03-06 17:11:02 INFO     ##test##, prec: 0.0000, recall: 0.0000, F1: 0.0000
