2020-02-28 09:41:21 INFO     
2020-02-28 09:41:21 INFO     #################################### New Start #####################################
2020-02-28 09:41:21 INFO     mode: CNN | nb_epoch: 20 | batch: 64 | opt: RMSprop | lr: 0.0003 | pretrain: True | hidden_unit_size: 128
2020-02-28 09:41:21 INFO     k_lst: [3 5 7 9] | nb_filters: 100 | emb_dim: 200 | pos_dim: 10 | sent_len: 150 | dropout: 0.3
2020-02-28 09:41:21 INFO     
2020-02-28 09:41:21 WARNING  From /home/mjimenez/.conda/envs/nclpnl/lib/python3.7/site-packages/tensorflow_core/python/ops/math_grad.py:1424: where (from tensorflow.python.ops.array_ops) is deprecated and will be removed in a future version.
Instructions for updating:
Use tf.where in 2.0, which has the same broadcast rule as np.where
2020-02-28 09:41:22 WARNING  From /home/mjimenez/.conda/envs/nclpnl/lib/python3.7/site-packages/keras/backend/tensorflow_backend.py:986: The name tf.assign_add is deprecated. Please use tf.compat.v1.assign_add instead.

2020-02-28 09:41:22 WARNING  From /home/mjimenez/.conda/envs/nclpnl/lib/python3.7/site-packages/keras/backend/tensorflow_backend.py:973: The name tf.assign is deprecated. Please use tf.compat.v1.assign instead.

2020-02-28 09:48:22 INFO     ##train##, prec: 0.7096, recall: 0.8783, F1: 0.7850
2020-02-28 09:48:22 INFO     ##dev##,   prec: 0.5699, recall: 0.7203, F1: 0.6364
2020-02-28 09:48:24 INFO     ##test##, prec: 0.5726, recall: 0.5932, F1: 0.5827
2020-02-28 10:59:13 INFO     
2020-02-28 10:59:13 INFO     #################################### New Start #####################################
2020-02-28 10:59:13 INFO     mode: CNN | nb_epoch: 20 | batch: 64 | opt: RMSprop | lr: 0.0003 | pretrain: True | hidden_unit_size: 128
2020-02-28 10:59:13 INFO     k_lst: [3 5 7 9] | nb_filters: 100 | emb_dim: 200 | pos_dim: 10 | sent_len: 150 | dropout: 0.3
2020-02-28 10:59:13 INFO     
2020-02-28 10:59:13 WARNING  From /home/mjimenez/.conda/envs/nclpnl/lib/python3.7/site-packages/tensorflow_core/python/ops/math_grad.py:1424: where (from tensorflow.python.ops.array_ops) is deprecated and will be removed in a future version.
Instructions for updating:
Use tf.where in 2.0, which has the same broadcast rule as np.where
2020-02-28 10:59:14 WARNING  From /home/mjimenez/.conda/envs/nclpnl/lib/python3.7/site-packages/keras/backend/tensorflow_backend.py:986: The name tf.assign_add is deprecated. Please use tf.compat.v1.assign_add instead.

2020-02-28 10:59:14 WARNING  From /home/mjimenez/.conda/envs/nclpnl/lib/python3.7/site-packages/keras/backend/tensorflow_backend.py:973: The name tf.assign is deprecated. Please use tf.compat.v1.assign instead.

2020-02-28 11:03:49 INFO     ##train##, prec: 0.8405, recall: 0.9543, F1: 0.8938
2020-02-28 11:03:49 INFO     ##dev##,   prec: 0.6910, recall: 0.7976, F1: 0.7405
2020-02-28 11:03:50 INFO     ##test##, prec: 0.6205, recall: 0.6365, F1: 0.6284
2020-02-28 15:52:47 INFO     
2020-02-28 15:52:47 INFO     #################################### New Start #####################################
2020-02-28 15:52:47 INFO     mode: CNN | nb_epoch: 20 | batch: 64 | opt: Adadelta | lr: 0.0003 | pretrain: True | hidden_unit_size: 128
2020-02-28 15:52:47 INFO     k_lst: [3 5 7 9] | nb_filters: 100 | emb_dim: 200 | pos_dim: 10 | sent_len: 150 | dropout: 0.3
2020-02-28 15:52:47 INFO     
2020-02-28 15:52:47 WARNING  From /home/mjimenez/.conda/envs/nclpnl/lib/python3.7/site-packages/tensorflow_core/python/ops/math_grad.py:1424: where (from tensorflow.python.ops.array_ops) is deprecated and will be removed in a future version.
Instructions for updating:
Use tf.where in 2.0, which has the same broadcast rule as np.where
2020-02-28 15:52:48 WARNING  From /home/mjimenez/.conda/envs/nclpnl/lib/python3.7/site-packages/keras/backend/tensorflow_backend.py:986: The name tf.assign_add is deprecated. Please use tf.compat.v1.assign_add instead.

2020-02-28 15:52:48 WARNING  From /home/mjimenez/.conda/envs/nclpnl/lib/python3.7/site-packages/keras/backend/tensorflow_backend.py:973: The name tf.assign is deprecated. Please use tf.compat.v1.assign instead.

2020-02-28 15:57:24 INFO     ##train##, prec: 0.0552, recall: 0.1723, F1: 0.0836
2020-02-28 15:57:24 INFO     ##dev##,   prec: 0.0591, recall: 0.1771, F1: 0.0886
2020-02-28 15:57:25 INFO     ##test##, prec: 0.0583, recall: 0.1668, F1: 0.0864
2020-02-28 21:08:43 INFO     
2020-02-28 21:08:43 INFO     #################################### New Start #####################################
2020-02-28 21:08:43 INFO     mode: CNN | nb_epoch: 20 | batch: 64 | opt: Adadelta | lr: 0.0003 | pretrain: True | hidden_unit_size: 128
2020-02-28 21:08:43 INFO     k_lst: [3 5 7 9] | nb_filters: 100 | emb_dim: 200 | pos_dim: 10 | sent_len: 150 | dropout: 0.3
2020-02-28 21:08:43 INFO     
2020-02-28 21:08:43 WARNING  From /home/mjimenez/.conda/envs/nclpnl/lib/python3.7/site-packages/tensorflow_core/python/ops/math_grad.py:1424: where (from tensorflow.python.ops.array_ops) is deprecated and will be removed in a future version.
Instructions for updating:
Use tf.where in 2.0, which has the same broadcast rule as np.where
2020-02-28 21:08:44 WARNING  From /home/mjimenez/.conda/envs/nclpnl/lib/python3.7/site-packages/keras/backend/tensorflow_backend.py:986: The name tf.assign_add is deprecated. Please use tf.compat.v1.assign_add instead.

2020-02-28 21:08:44 WARNING  From /home/mjimenez/.conda/envs/nclpnl/lib/python3.7/site-packages/keras/backend/tensorflow_backend.py:973: The name tf.assign is deprecated. Please use tf.compat.v1.assign instead.

2020-02-28 21:13:42 INFO     ##train##, prec: 0.1096, recall: 0.1646, F1: 0.1316
2020-02-28 21:13:42 INFO     ##dev##,   prec: 0.1259, recall: 0.1787, F1: 0.1477
2020-02-28 21:13:43 INFO     ##test##, prec: 0.0844, recall: 0.1689, F1: 0.1126
2020-03-05 09:31:28 INFO     
2020-03-05 09:31:28 INFO     #################################### New Start #####################################
2020-03-05 09:31:28 INFO     mode: CNN | nb_epoch: 30 | batch: 64 | opt: Adagrad | lr: 0.0003 | pretrain: True | hidden_unit_size: 128
2020-03-05 09:31:28 INFO     k_lst: [3 5 7 9] | nb_filters: 100 | emb_dim: 200 | pos_dim: 10 | sent_len: 150 | dropout: 0.3
2020-03-05 09:31:28 INFO     
2020-03-05 09:31:28 WARNING  From /home/mjimenez/.conda/envs/nclpnl/lib/python3.7/site-packages/tensorflow_core/python/ops/math_grad.py:1424: where (from tensorflow.python.ops.array_ops) is deprecated and will be removed in a future version.
Instructions for updating:
Use tf.where in 2.0, which has the same broadcast rule as np.where
2020-03-05 09:31:29 WARNING  From /home/mjimenez/.conda/envs/nclpnl/lib/python3.7/site-packages/keras/backend/tensorflow_backend.py:986: The name tf.assign_add is deprecated. Please use tf.compat.v1.assign_add instead.

2020-03-05 09:31:29 WARNING  From /home/mjimenez/.conda/envs/nclpnl/lib/python3.7/site-packages/keras/backend/tensorflow_backend.py:973: The name tf.assign is deprecated. Please use tf.compat.v1.assign instead.

2020-03-05 09:40:20 INFO     ##train##, prec: 0.5502, recall: 0.5503, F1: 0.5502
2020-03-05 09:40:20 INFO     ##dev##,   prec: 0.4667, recall: 0.4419, F1: 0.4540
2020-03-05 09:40:21 INFO     ##test##, prec: 0.3853, recall: 0.3460, F1: 0.3646
2020-03-05 12:09:30 INFO     
2020-03-05 12:09:30 INFO     #################################### New Start #####################################
2020-03-05 12:09:30 INFO     mode: CNN | nb_epoch: 30 | batch: 64 | opt: adam | lr: 3e-05 | pretrain: True | hidden_unit_size: 128
2020-03-05 12:09:30 INFO     k_lst: [3 5 7 9] | nb_filters: 100 | emb_dim: 200 | pos_dim: 10 | sent_len: 150 | dropout: 0.3
2020-03-05 12:09:30 INFO     
2020-03-05 12:09:30 WARNING  From /home/mjimenez/.conda/envs/nclpnl/lib/python3.7/site-packages/tensorflow_core/python/ops/math_grad.py:1424: where (from tensorflow.python.ops.array_ops) is deprecated and will be removed in a future version.
Instructions for updating:
Use tf.where in 2.0, which has the same broadcast rule as np.where
2020-03-05 12:09:31 WARNING  From /home/mjimenez/.conda/envs/nclpnl/lib/python3.7/site-packages/keras/backend/tensorflow_backend.py:986: The name tf.assign_add is deprecated. Please use tf.compat.v1.assign_add instead.

2020-03-05 12:09:31 WARNING  From /home/mjimenez/.conda/envs/nclpnl/lib/python3.7/site-packages/keras/backend/tensorflow_backend.py:973: The name tf.assign is deprecated. Please use tf.compat.v1.assign instead.

2020-03-05 12:15:24 INFO     ##train##, prec: 0.5599, recall: 0.6585, F1: 0.6052
2020-03-05 12:15:24 INFO     ##dev##,   prec: 0.5058, recall: 0.5651, F1: 0.5338
2020-03-05 12:15:25 INFO     ##test##, prec: 0.4165, recall: 0.4315, F1: 0.4239
2020-03-06 00:14:49 INFO     
2020-03-06 00:14:49 INFO     #################################### New Start #####################################
2020-03-06 00:14:49 INFO     mode: CNN | nb_epoch: 30 | batch: 64 | opt: adam | lr: 0.0001 | pretrain: True | hidden_unit_size: 128
2020-03-06 00:14:49 INFO     k_lst: [3 5 7 9] | nb_filters: 100 | emb_dim: 200 | pos_dim: 10 | sent_len: 150 | dropout: 0.3
2020-03-06 00:14:49 INFO     
2020-03-06 00:14:49 WARNING  From /home/mjimenez/.conda/envs/nclpnl/lib/python3.7/site-packages/tensorflow_core/python/ops/math_grad.py:1424: where (from tensorflow.python.ops.array_ops) is deprecated and will be removed in a future version.
Instructions for updating:
Use tf.where in 2.0, which has the same broadcast rule as np.where
2020-03-06 00:14:50 WARNING  From /home/mjimenez/.conda/envs/nclpnl/lib/python3.7/site-packages/keras/backend/tensorflow_backend.py:986: The name tf.assign_add is deprecated. Please use tf.compat.v1.assign_add instead.

2020-03-06 00:14:50 WARNING  From /home/mjimenez/.conda/envs/nclpnl/lib/python3.7/site-packages/keras/backend/tensorflow_backend.py:973: The name tf.assign is deprecated. Please use tf.compat.v1.assign instead.

2020-03-06 00:19:55 INFO     ##train##, prec: 0.5903, recall: 0.6785, F1: 0.6313
2020-03-06 00:19:55 INFO     ##dev##,   prec: 0.4933, recall: 0.5816, F1: 0.5338
2020-03-06 00:19:56 INFO     ##test##, prec: 0.4626, recall: 0.4264, F1: 0.4437
2020-03-06 08:37:04 INFO     
2020-03-06 08:37:04 INFO     #################################### New Start #####################################
2020-03-06 08:37:04 INFO     mode: CNN | nb_epoch: 30 | batch: 64 | opt: adam | lr: 0.0003 | pretrain: True | hidden_unit_size: 128
2020-03-06 08:37:04 INFO     k_lst: [3 5 7 9] | nb_filters: 100 | emb_dim: 200 | pos_dim: 10 | sent_len: 150 | dropout: 0.3
2020-03-06 08:37:04 INFO     
2020-03-06 08:37:04 WARNING  From /home/mjimenez/.conda/envs/nclpnl/lib/python3.7/site-packages/tensorflow_core/python/ops/math_grad.py:1424: where (from tensorflow.python.ops.array_ops) is deprecated and will be removed in a future version.
Instructions for updating:
Use tf.where in 2.0, which has the same broadcast rule as np.where
2020-03-06 08:37:05 WARNING  From /home/mjimenez/.conda/envs/nclpnl/lib/python3.7/site-packages/keras/backend/tensorflow_backend.py:986: The name tf.assign_add is deprecated. Please use tf.compat.v1.assign_add instead.

2020-03-06 08:37:05 WARNING  From /home/mjimenez/.conda/envs/nclpnl/lib/python3.7/site-packages/keras/backend/tensorflow_backend.py:973: The name tf.assign is deprecated. Please use tf.compat.v1.assign instead.

2020-03-06 08:43:41 INFO     ##train##, prec: 0.6977, recall: 0.8832, F1: 0.7796
2020-03-06 08:43:41 INFO     ##dev##,   prec: 0.5960, recall: 0.7376, F1: 0.6593
2020-03-06 08:43:42 INFO     ##test##, prec: 0.5275, recall: 0.6128, F1: 0.5669
2020-03-12 09:38:35 INFO     
2020-03-12 09:38:35 INFO     #################################### New Start #####################################
2020-03-12 09:38:35 INFO     mode: CNN | nb_epoch: 30 | batch: 64 | opt: adam | lr: 0.0003 | pretrain: True | hidden_unit_size: 128
2020-03-12 09:38:35 INFO     k_lst: [3 5 7 9] | nb_filters: 100 | emb_dim: 200 | pos_dim: 10 | sent_len: 150 | dropout: 0.3
2020-03-12 09:38:35 INFO     
2020-03-12 09:38:35 WARNING  From /home/mjimenez/.conda/envs/nclpnl/lib/python3.7/site-packages/tensorflow_core/python/ops/math_grad.py:1424: where (from tensorflow.python.ops.array_ops) is deprecated and will be removed in a future version.
Instructions for updating:
Use tf.where in 2.0, which has the same broadcast rule as np.where
2020-03-12 09:38:36 WARNING  From /home/mjimenez/.conda/envs/nclpnl/lib/python3.7/site-packages/keras/backend/tensorflow_backend.py:986: The name tf.assign_add is deprecated. Please use tf.compat.v1.assign_add instead.

2020-03-12 09:38:37 WARNING  From /home/mjimenez/.conda/envs/nclpnl/lib/python3.7/site-packages/keras/backend/tensorflow_backend.py:973: The name tf.assign is deprecated. Please use tf.compat.v1.assign instead.

2020-03-12 09:41:48 INFO     ##train##, prec: 0.0000, recall: 0.0000, F1: 0.0000
2020-03-12 09:41:48 INFO     ##dev##,   prec: 0.0000, recall: 0.0000, F1: 0.0000
2020-03-12 09:41:49 INFO     ##test##, prec: 0.0000, recall: 0.0000, F1: 0.0000
2020-03-12 09:44:19 INFO     
2020-03-12 09:44:19 INFO     #################################### New Start #####################################
2020-03-12 09:44:19 INFO     mode: CNN | nb_epoch: 30 | batch: 64 | opt: adam | lr: 0.0003 | pretrain: True | hidden_unit_size: 128
2020-03-12 09:44:19 INFO     k_lst: [3 5 7 9] | nb_filters: 100 | emb_dim: 200 | pos_dim: 10 | sent_len: 150 | dropout: 0.3
2020-03-12 09:44:19 INFO     
2020-03-12 09:44:19 WARNING  From /home/mjimenez/.conda/envs/nclpnl/lib/python3.7/site-packages/tensorflow_core/python/ops/math_grad.py:1424: where (from tensorflow.python.ops.array_ops) is deprecated and will be removed in a future version.
Instructions for updating:
Use tf.where in 2.0, which has the same broadcast rule as np.where
2020-03-12 09:44:20 WARNING  From /home/mjimenez/.conda/envs/nclpnl/lib/python3.7/site-packages/keras/backend/tensorflow_backend.py:986: The name tf.assign_add is deprecated. Please use tf.compat.v1.assign_add instead.

2020-03-12 09:44:20 WARNING  From /home/mjimenez/.conda/envs/nclpnl/lib/python3.7/site-packages/keras/backend/tensorflow_backend.py:973: The name tf.assign is deprecated. Please use tf.compat.v1.assign instead.

2020-03-12 09:49:24 INFO     ##train##, prec: 0.0000, recall: 0.0000, F1: 0.0000
2020-03-12 09:49:24 INFO     ##dev##,   prec: 0.0000, recall: 0.0000, F1: 0.0000
2020-03-12 09:49:25 INFO     ##test##, prec: 0.0000, recall: 0.0000, F1: 0.0000
2020-03-12 09:52:25 INFO     
2020-03-12 09:52:25 INFO     #################################### New Start #####################################
2020-03-12 09:52:25 INFO     mode: CNN | nb_epoch: 30 | batch: 64 | opt: adam | lr: 0.0003 | pretrain: True | hidden_unit_size: 128
2020-03-12 09:52:25 INFO     k_lst: [3 5 7 9] | nb_filters: 100 | emb_dim: 200 | pos_dim: 10 | sent_len: 150 | dropout: 0.3
2020-03-12 09:52:25 INFO     
2020-03-12 09:52:25 WARNING  From /home/mjimenez/.conda/envs/nclpnl/lib/python3.7/site-packages/tensorflow_core/python/ops/math_grad.py:1424: where (from tensorflow.python.ops.array_ops) is deprecated and will be removed in a future version.
Instructions for updating:
Use tf.where in 2.0, which has the same broadcast rule as np.where
2020-03-12 09:52:26 WARNING  From /home/mjimenez/.conda/envs/nclpnl/lib/python3.7/site-packages/keras/backend/tensorflow_backend.py:986: The name tf.assign_add is deprecated. Please use tf.compat.v1.assign_add instead.

2020-03-12 09:52:26 WARNING  From /home/mjimenez/.conda/envs/nclpnl/lib/python3.7/site-packages/keras/backend/tensorflow_backend.py:973: The name tf.assign is deprecated. Please use tf.compat.v1.assign instead.

2020-03-12 09:58:21 INFO     ##train##, prec: 0.0000, recall: 0.0000, F1: 0.0000
2020-03-12 09:58:21 INFO     ##dev##,   prec: 0.0000, recall: 0.0000, F1: 0.0000
2020-03-12 09:58:22 INFO     ##test##, prec: 0.0000, recall: 0.0000, F1: 0.0000
